<?xml version="1.0" encoding="UTF-8"?>
<!-- Generated by org.testng.reporters.JUnitXMLReporter -->
<testsuite ignored="0" hostname="DESKTOP-8718NVT" failures="0" tests="4" name="Login Test" time="57.959" errors="0" timestamp="2022-08-23T20:20:46 EDT">
  <testcase classname="testcases.LoginPageTest" name="titleTest" time="1.057"/>
  <testcase classname="testcases.LoginPageTest" name="LogoTest" time="1.588"/>
  <testcase classname="testcases.LoginPageTest" name="loginTest" time="2.297"/>
  <testcase classname="testcases.LoginPageTest" name="errorMessage" time="1.092"/>
</testsuite> <!-- Login Test -->
